<?xml version="1.0" encoding="UTF-8"?>
<!-- Generated by org.testng.reporters.JUnitReportReporter -->
<testsuite hostname="Rubel" name="MavenTestNGTest" tests="1" failures="0" timestamp="3 Nov 2013 19:33:12 GMT" time="0.321" errors="0">
  <testcase name="testsignup" time="0.321" classname="MavenTestNGTest"/>
</testsuite> <!-- MavenTestNGTest -->
